Build started 1/15/2021 1:14:54 PM.
     1>Project "C:\Users\Atul guhey\Desktop\IITG_Study_Material\speech\Projects\DigiRecog\DigiRecog\DigiRecog.vcxproj" on node 2 (build target(s)).
     1>InitializeBuildStatus:
         Creating "Debug\DigiRecog.unsuccessfulbuild" because "AlwaysCreate" was specified.
       ClCompile:
         All outputs are up-to-date.
         All outputs are up-to-date.
       ManifestResourceCompile:
         All outputs are up-to-date.
       Link:
         c:\Program Files (x86)\Microsoft Visual Studio 10.0\VC\bin\link.exe /ERRORREPORT:PROMPT /OUT:"C:\Users\Atul guhey\Desktop\IITG_Study_Material\speech\Projects\DigiRecog\Debug\DigiRecog.exe" /INCREMENTAL /NOLOGO kernel32.lib user32.lib gdi32.lib winspool.lib comdlg32.lib advapi32.lib shell32.lib ole32.lib oleaut32.lib uuid.lib odbc32.lib odbccp32.lib /MANIFEST /ManifestFile:"Debug\DigiRecog.exe.intermediate.manifest" /MANIFESTUAC:"level='asInvoker' uiAccess='false'" /DEBUG /PDB:"C:\Users\Atul guhey\Desktop\IITG_Study_Material\speech\Projects\DigiRecog\Debug\DigiRecog.pdb" /SUBSYSTEM:CONSOLE /TLBID:1 /DYNAMICBASE /NXCOMPAT /IMPLIB:"C:\Users\Atul guhey\Desktop\IITG_Study_Material\speech\Projects\DigiRecog\Debug\DigiRecog.lib" /MACHINE:X86 Debug\DigiRecog.exe.embed.manifest.res
         Debug\DigiRecog.obj
         Debug\stdafx.obj
       Manifest:
         c:\Program Files (x86)\Microsoft SDKs\Windows\v7.0A\bin\mt.exe /nologo /verbose /out:"Debug\DigiRecog.exe.embed.manifest" /manifest Debug\DigiRecog.exe.intermediate.manifest
         All outputs are up-to-date.
       LinkEmbedManifest:
         All outputs are up-to-date.
         DigiRecog.vcxproj -> C:\Users\Atul guhey\Desktop\IITG_Study_Material\speech\Projects\DigiRecog\Debug\DigiRecog.exe
       FinalizeBuildStatus:
         Deleting file "Debug\DigiRecog.unsuccessfulbuild".
         Touching "Debug\DigiRecog.lastbuildstate".
     1>Done Building Project "C:\Users\Atul guhey\Desktop\IITG_Study_Material\speech\Projects\DigiRecog\DigiRecog\DigiRecog.vcxproj" (build target(s)).

Build succeeded.

Time Elapsed 00:00:01.47
